2025-04-30 00:33:41,837 - extract - INFO - Data extraction started.
2025-04-30 00:33:43,879 - extract - INFO - Data extraction completed successfully.
2025-04-30 00:37:46,609 - extract - INFO - Data extraction started.
2025-04-30 00:37:48,431 - extract - ERROR - Unexpected error during data extraction: 'Response' object has no attribute 'get'
Traceback (most recent call last):
  File "D:\Projects\pipelines\NewsAPI\extract.py", line 18, in extract_data
    articles = res.get('articles', []).json()
AttributeError: 'Response' object has no attribute 'get'
2025-04-30 00:38:59,552 - extract - INFO - Data extraction started.
2025-04-30 00:39:01,494 - extract - ERROR - Unexpected error during data extraction: 'function' object has no attribute 'get'
Traceback (most recent call last):
  File "D:\Projects\pipelines\NewsAPI\extract.py", line 19, in extract_data
    articles = data.get('articles', [])
AttributeError: 'function' object has no attribute 'get'
2025-04-30 00:40:20,295 - extract - INFO - Data extraction started.
2025-04-30 00:40:22,110 - extract - INFO - Data extraction completed successfully.
2025-04-30 00:40:40,906 - extract - INFO - Data extraction started.
2025-04-30 00:40:42,727 - extract - INFO - Data extraction completed successfully.
2025-04-30 00:43:29,597 - extract - INFO - Data extraction started.
2025-04-30 00:43:31,412 - extract - INFO - Data extraction completed successfully.
2025-04-30 00:43:41,769 - extract - INFO - Data extraction started.
2025-04-30 00:43:43,589 - extract - INFO - Data extraction completed successfully.
2025-04-30 00:55:20,935 - extract - INFO - Data extraction started.
2025-04-30 00:55:22,835 - extract - INFO - Data extraction completed successfully.
2025-04-30 00:55:44,857 - extract - INFO - Data extraction started.
2025-04-30 00:55:46,845 - extract - INFO - Data extraction completed successfully.
2025-04-30 00:56:34,466 - extract - INFO - Data extraction started.
2025-04-30 00:56:36,276 - extract - INFO - Data extraction completed successfully.
2025-04-30 01:02:11,797 - extract - INFO - Data extraction started.
2025-04-30 01:02:13,949 - extract - INFO - Data extraction completed successfully.
2025-04-30 01:05:29,088 - extract - INFO - Data extraction started.
2025-04-30 01:05:30,899 - extract - INFO - Data extraction completed successfully.
2025-04-30 01:06:23,138 - extract - INFO - Data extraction started.
2025-04-30 01:06:24,945 - extract - INFO - Data extraction completed successfully.
2025-04-30 01:13:38,075 - extract - INFO - Data extraction started.
2025-04-30 01:13:40,000 - extract - INFO - Data extraction completed successfully.
2025-04-30 01:14:24,762 - extract - INFO - Data extraction started.
2025-04-30 01:14:25,298 - extract - INFO - Data extraction completed successfully.
2025-04-30 01:14:43,366 - extract - INFO - Data extraction started.
2025-04-30 01:14:45,182 - extract - INFO - Data extraction completed successfully.
2025-04-30 01:15:12,077 - extract - INFO - Data extraction started.
2025-04-30 01:15:13,905 - extract - INFO - Data extraction completed successfully.
2025-04-30 01:16:42,893 - extract - INFO - Data extraction started.
2025-04-30 01:16:44,691 - extract - INFO - Data extraction completed successfully.
2025-04-30 01:18:04,518 - extract - INFO - Data extraction started.
2025-04-30 01:18:06,337 - extract - INFO - Data extraction completed successfully.
2025-04-30 01:20:26,898 - extract - INFO - Data extraction started.
2025-04-30 01:20:28,886 - extract - INFO - Data extraction completed successfully.
2025-04-30 01:21:37,434 - extract - INFO - Data extraction started.
2025-04-30 01:21:39,258 - extract - INFO - Data extraction completed successfully.
2025-04-30 01:23:28,924 - extract - INFO - Data extraction started.
2025-04-30 01:23:30,802 - extract - INFO - Data extraction completed successfully.
2025-04-30 01:24:07,960 - extract - INFO - Data extraction started.
2025-04-30 01:24:09,950 - extract - INFO - Data extraction completed successfully.
2025-04-30 01:27:09,319 - extract - INFO - Data extraction started.
2025-04-30 01:27:11,230 - extract - INFO - Data extraction completed successfully.
2025-04-30 01:28:53,313 - extract - INFO - Data extraction started.
2025-04-30 01:28:55,219 - extract - INFO - Data extraction completed successfully.
2025-04-30 01:54:27,803 - extract - INFO - Data extraction started.
2025-04-30 01:54:28,449 - extract - INFO - Data extraction completed successfully.
2025-04-30 01:54:40,655 - extract - INFO - Data extraction started.
2025-04-30 01:54:41,168 - extract - INFO - Data extraction completed successfully.
2025-04-30 01:55:35,302 - extract - INFO - Data extraction started.
2025-04-30 01:55:37,105 - extract - INFO - Data extraction completed successfully.
2025-04-30 01:56:13,043 - extract - INFO - Data extraction started.
2025-04-30 01:56:14,839 - extract - INFO - Data extraction completed successfully.
2025-04-30 01:56:31,604 - extract - INFO - Data extraction started.
2025-04-30 01:56:32,133 - extract - INFO - Data extraction completed successfully.
2025-04-30 04:18:49,287 - extract - INFO - Data extraction started.
2025-04-30 04:18:51,221 - extract - INFO - Data extraction completed successfully.
2025-04-30 04:20:52,577 - extract - INFO - Data extraction started.
2025-04-30 04:20:54,413 - extract - INFO - Data extraction completed successfully.
2025-04-30 04:21:20,653 - extract - INFO - Data extraction started.
2025-04-30 04:21:22,558 - extract - INFO - Data extraction completed successfully.
2025-04-30 04:22:40,051 - extract - INFO - Data extraction started.
2025-04-30 04:22:41,866 - extract - INFO - Data extraction completed successfully.
2025-04-30 04:24:23,054 - extract - INFO - Data extraction started.
2025-04-30 04:24:24,972 - extract - INFO - Data extraction completed successfully.
2025-04-30 04:25:18,367 - extract - INFO - Data extraction started.
2025-04-30 04:25:20,285 - extract - INFO - Data extraction completed successfully.
2025-04-30 04:37:17,336 - extract - INFO - Data extraction started.
2025-04-30 04:37:19,301 - extract - INFO - Data extraction completed successfully.
2025-04-30 04:50:49,969 - extract - INFO - Data extraction started.
2025-04-30 04:50:51,977 - extract - INFO - Data extraction completed successfully.
2025-04-30 04:53:26,344 - extract - INFO - Data extraction started.
2025-04-30 04:53:28,301 - extract - INFO - Data extraction completed successfully.
2025-04-30 04:57:20,076 - extract - INFO - Data extraction started.
2025-04-30 04:57:21,980 - extract - INFO - Data extraction completed successfully.
2025-04-30 05:41:13,198 - extract - INFO - Data extraction started.
2025-04-30 05:41:15,106 - extract - INFO - Data extraction completed successfully.
2025-04-30 05:42:18,529 - extract - INFO - Data extraction started.
2025-04-30 05:42:20,444 - extract - INFO - Data extraction completed successfully.
2025-04-30 05:43:29,009 - extract - INFO - Data extraction started.
2025-04-30 05:43:30,803 - extract - INFO - Data extraction completed successfully.
2025-04-30 05:52:13,102 - extract - INFO - Data extraction started.
2025-04-30 05:52:15,085 - extract - INFO - Data extraction completed successfully.
2025-04-30 05:52:50,563 - extract - INFO - Data extraction started.
2025-04-30 05:52:51,548 - extract - INFO - Data extraction completed successfully.
